2020-06-01 07:14:32,934 botocore.hooks  DEBUG Changing event name from creating-client-class.iot-data to creating-client-class.iot-data-plane : [/var/www/html/electonicswebservice/env/lib/python3.6/site-packages/botocore/hooks.py line 417, in _alias_event_name ]
2020-06-01 07:14:32,940 botocore.hooks  DEBUG Changing event name from before-call.apigateway to before-call.api-gateway : [/var/www/html/electonicswebservice/env/lib/python3.6/site-packages/botocore/hooks.py line 417, in _alias_event_name ]
2020-06-01 07:14:32,941 botocore.hooks  DEBUG Changing event name from request-created.machinelearning.Predict to request-created.machine-learning.Predict : [/var/www/html/electonicswebservice/env/lib/python3.6/site-packages/botocore/hooks.py line 417, in _alias_event_name ]
2020-06-01 07:14:32,943 botocore.hooks  DEBUG Changing event name from before-parameter-build.autoscaling.CreateLaunchConfiguration to before-parameter-build.auto-scaling.CreateLaunchConfiguration : [/var/www/html/electonicswebservice/env/lib/python3.6/site-packages/botocore/hooks.py line 417, in _alias_event_name ]
2020-06-01 07:14:32,943 botocore.hooks  DEBUG Changing event name from before-parameter-build.route53 to before-parameter-build.route-53 : [/var/www/html/electonicswebservice/env/lib/python3.6/site-packages/botocore/hooks.py line 417, in _alias_event_name ]
2020-06-01 07:14:32,944 botocore.hooks  DEBUG Changing event name from request-created.cloudsearchdomain.Search to request-created.cloudsearch-domain.Search : [/var/www/html/electonicswebservice/env/lib/python3.6/site-packages/botocore/hooks.py line 417, in _alias_event_name ]
2020-06-01 07:14:32,944 botocore.hooks  DEBUG Changing event name from docs.*.autoscaling.CreateLaunchConfiguration.complete-section to docs.*.auto-scaling.CreateLaunchConfiguration.complete-section : [/var/www/html/electonicswebservice/env/lib/python3.6/site-packages/botocore/hooks.py line 417, in _alias_event_name ]
2020-06-01 07:14:32,947 botocore.hooks  DEBUG Changing event name from before-parameter-build.logs.CreateExportTask to before-parameter-build.cloudwatch-logs.CreateExportTask : [/var/www/html/electonicswebservice/env/lib/python3.6/site-packages/botocore/hooks.py line 417, in _alias_event_name ]
2020-06-01 07:14:32,947 botocore.hooks  DEBUG Changing event name from docs.*.logs.CreateExportTask.complete-section to docs.*.cloudwatch-logs.CreateExportTask.complete-section : [/var/www/html/electonicswebservice/env/lib/python3.6/site-packages/botocore/hooks.py line 417, in _alias_event_name ]
2020-06-01 07:14:32,948 botocore.hooks  DEBUG Changing event name from before-parameter-build.cloudsearchdomain.Search to before-parameter-build.cloudsearch-domain.Search : [/var/www/html/electonicswebservice/env/lib/python3.6/site-packages/botocore/hooks.py line 417, in _alias_event_name ]
2020-06-01 07:14:32,948 botocore.hooks  DEBUG Changing event name from docs.*.cloudsearchdomain.Search.complete-section to docs.*.cloudsearch-domain.Search.complete-section : [/var/www/html/electonicswebservice/env/lib/python3.6/site-packages/botocore/hooks.py line 417, in _alias_event_name ]
2020-06-01 07:14:32,956 botocore.loaders DEBUG Loading JSON file: /var/www/html/electonicswebservice/env/lib/python3.6/site-packages/boto3/data/s3/2006-03-01/resources-1.json : [/var/www/html/electonicswebservice/env/lib/python3.6/site-packages/botocore/loaders.py line 174, in load_file ]
2020-06-01 07:14:32,958 botocore.loaders DEBUG Loading JSON file: /var/www/html/electonicswebservice/env/lib/python3.6/site-packages/botocore/data/endpoints.json : [/var/www/html/electonicswebservice/env/lib/python3.6/site-packages/botocore/loaders.py line 174, in load_file ]
2020-06-01 07:14:32,966 botocore.hooks  DEBUG Event choose-service-name: calling handler <function handle_service_name_alias at 0x7f7d9354ca60> : [/var/www/html/electonicswebservice/env/lib/python3.6/site-packages/botocore/hooks.py line 210, in _emit ]
2020-06-01 07:14:32,973 botocore.loaders DEBUG Loading JSON file: /var/www/html/electonicswebservice/env/lib/python3.6/site-packages/botocore/data/s3/2006-03-01/service-2.json : [/var/www/html/electonicswebservice/env/lib/python3.6/site-packages/botocore/loaders.py line 174, in load_file ]
2020-06-01 07:14:32,983 botocore.hooks  DEBUG Event creating-client-class.s3: calling handler <function add_generate_presigned_post at 0x7f7d935a0400> : [/var/www/html/electonicswebservice/env/lib/python3.6/site-packages/botocore/hooks.py line 210, in _emit ]
2020-06-01 07:14:32,983 botocore.hooks  DEBUG Event creating-client-class.s3: calling handler <function lazy_call.<locals>._handler at 0x7f7d93879e18> : [/var/www/html/electonicswebservice/env/lib/python3.6/site-packages/botocore/hooks.py line 210, in _emit ]
2020-06-01 07:14:32,993 botocore.hooks  DEBUG Event creating-client-class.s3: calling handler <function add_generate_presigned_url at 0x7f7d935a01e0> : [/var/www/html/electonicswebservice/env/lib/python3.6/site-packages/botocore/hooks.py line 210, in _emit ]
2020-06-01 07:14:32,996 botocore.endpoint DEBUG Setting s3 timeout as (60, 60) : [/var/www/html/electonicswebservice/env/lib/python3.6/site-packages/botocore/endpoint.py line 266, in create_endpoint ]
2020-06-01 07:14:32,997 botocore.loaders DEBUG Loading JSON file: /var/www/html/electonicswebservice/env/lib/python3.6/site-packages/botocore/data/_retry.json : [/var/www/html/electonicswebservice/env/lib/python3.6/site-packages/botocore/loaders.py line 174, in load_file ]
2020-06-01 07:14:32,998 botocore.client DEBUG Registering retry handlers for service: s3 : [/var/www/html/electonicswebservice/env/lib/python3.6/site-packages/botocore/client.py line 159, in _register_legacy_retries ]
2020-06-01 07:14:33,000 boto3.resources.factory DEBUG Loading s3:s3 : [/var/www/html/electonicswebservice/env/lib/python3.6/site-packages/boto3/resources/factory.py line 66, in load_from_definition ]
2020-06-01 07:14:33,001 boto3.resources.factory DEBUG Loading s3:Bucket : [/var/www/html/electonicswebservice/env/lib/python3.6/site-packages/boto3/resources/factory.py line 66, in load_from_definition ]
2020-06-01 07:14:33,001 boto3.resources.model DEBUG Renaming Bucket attribute name : [/var/www/html/electonicswebservice/env/lib/python3.6/site-packages/boto3/resources/model.py line 358, in _load_name_with_category ]
2020-06-01 07:14:33,002 botocore.hooks  DEBUG Event creating-resource-class.s3.Bucket: calling handler <function lazy_call.<locals>._handler at 0x7f7d937c4268> : [/var/www/html/electonicswebservice/env/lib/python3.6/site-packages/botocore/hooks.py line 210, in _emit ]
2020-06-01 07:14:33,002 botocore.hooks  DEBUG Event before-parameter-build.s3.GetObject: calling handler <function sse_md5 at 0x7f7d93567ea0> : [/var/www/html/electonicswebservice/env/lib/python3.6/site-packages/botocore/hooks.py line 210, in _emit ]
2020-06-01 07:14:33,003 botocore.hooks  DEBUG Event before-parameter-build.s3.GetObject: calling handler <function validate_bucket_name at 0x7f7d93567e18> : [/var/www/html/electonicswebservice/env/lib/python3.6/site-packages/botocore/hooks.py line 210, in _emit ]
2020-06-01 07:14:33,003 botocore.hooks  DEBUG Event before-parameter-build.s3.GetObject: calling handler <bound method S3RegionRedirector.redirect_from_cache of <botocore.utils.S3RegionRedirector object at 0x7f7d9320b518>> : [/var/www/html/electonicswebservice/env/lib/python3.6/site-packages/botocore/hooks.py line 210, in _emit ]
2020-06-01 07:14:33,003 botocore.hooks  DEBUG Event before-parameter-build.s3.GetObject: calling handler <bound method S3ArnParamHandler.handle_arn of <botocore.utils.S3ArnParamHandler object at 0x7f7d9320bb00>> : [/var/www/html/electonicswebservice/env/lib/python3.6/site-packages/botocore/hooks.py line 210, in _emit ]
2020-06-01 07:14:33,003 botocore.hooks  DEBUG Event before-parameter-build.s3.GetObject: calling handler <function generate_idempotent_uuid at 0x7f7d93567a60> : [/var/www/html/electonicswebservice/env/lib/python3.6/site-packages/botocore/hooks.py line 210, in _emit ]
2020-06-01 07:14:33,003 botocore.hooks  DEBUG Event choose-signer.s3.GetObject: calling handler <bound method ClientCreator._default_s3_presign_to_sigv2 of <botocore.client.ClientCreator object at 0x7f7d934521d0>> : [/var/www/html/electonicswebservice/env/lib/python3.6/site-packages/botocore/hooks.py line 210, in _emit ]
2020-06-01 07:14:33,004 botocore.hooks  DEBUG Event before-sign.s3.GetObject: calling handler <bound method S3EndpointSetter.set_endpoint of <botocore.utils.S3EndpointSetter object at 0x7f7d9320bb70>> : [/var/www/html/electonicswebservice/env/lib/python3.6/site-packages/botocore/hooks.py line 210, in _emit ]
2020-06-01 07:14:33,004 botocore.utils  DEBUG Defaulting to S3 virtual host style addressing with path style addressing fallback. : [/var/www/html/electonicswebservice/env/lib/python3.6/site-packages/botocore/utils.py line 1560, in _s3_addressing_handler ]
2020-06-01 07:14:33,004 botocore.utils  DEBUG Checking for DNS compatible bucket for: https://s3.amazonaws.com/electrotrade/static/admin/css/base.css : [/var/www/html/electonicswebservice/env/lib/python3.6/site-packages/botocore/utils.py line 990, in switch_to_virtual_host_style ]
2020-06-01 07:14:33,004 botocore.utils  DEBUG URI updated to: https://electrotrade.s3.amazonaws.com/static/admin/css/base.css : [/var/www/html/electonicswebservice/env/lib/python3.6/site-packages/botocore/utils.py line 1008, in switch_to_virtual_host_style ]
2020-06-01 07:14:33,004 botocore.auth   DEBUG Calculating signature using hmacv1 auth. : [/var/www/html/electonicswebservice/env/lib/python3.6/site-packages/botocore/auth.py line 732, in add_auth ]
2020-06-01 07:14:33,004 botocore.auth   DEBUG HTTP request method: GET : [/var/www/html/electonicswebservice/env/lib/python3.6/site-packages/botocore/auth.py line 734, in add_auth ]
2020-06-01 07:14:33,004 botocore.auth   DEBUG StringToSign:
GET


1590999273
/electrotrade/static/admin/css/base.css : [/var/www/html/electonicswebservice/env/lib/python3.6/site-packages/botocore/auth.py line 726, in get_signature ]
2020-06-01 07:14:33,005 botocore.hooks  DEBUG Event before-parameter-build.s3.GetObject: calling handler <function sse_md5 at 0x7f7d93567ea0> : [/var/www/html/electonicswebservice/env/lib/python3.6/site-packages/botocore/hooks.py line 210, in _emit ]
2020-06-01 07:14:33,006 botocore.hooks  DEBUG Event before-parameter-build.s3.GetObject: calling handler <function validate_bucket_name at 0x7f7d93567e18> : [/var/www/html/electonicswebservice/env/lib/python3.6/site-packages/botocore/hooks.py line 210, in _emit ]
2020-06-01 07:14:33,006 botocore.hooks  DEBUG Event before-parameter-build.s3.GetObject: calling handler <bound method S3RegionRedirector.redirect_from_cache of <botocore.utils.S3RegionRedirector object at 0x7f7d9320b518>> : [/var/www/html/electonicswebservice/env/lib/python3.6/site-packages/botocore/hooks.py line 210, in _emit ]
2020-06-01 07:14:33,006 botocore.hooks  DEBUG Event before-parameter-build.s3.GetObject: calling handler <bound method S3ArnParamHandler.handle_arn of <botocore.utils.S3ArnParamHandler object at 0x7f7d9320bb00>> : [/var/www/html/electonicswebservice/env/lib/python3.6/site-packages/botocore/hooks.py line 210, in _emit ]
2020-06-01 07:14:33,006 botocore.hooks  DEBUG Event before-parameter-build.s3.GetObject: calling handler <function generate_idempotent_uuid at 0x7f7d93567a60> : [/var/www/html/electonicswebservice/env/lib/python3.6/site-packages/botocore/hooks.py line 210, in _emit ]
2020-06-01 07:14:33,006 botocore.hooks  DEBUG Event choose-signer.s3.GetObject: calling handler <bound method ClientCreator._default_s3_presign_to_sigv2 of <botocore.client.ClientCreator object at 0x7f7d934521d0>> : [/var/www/html/electonicswebservice/env/lib/python3.6/site-packages/botocore/hooks.py line 210, in _emit ]
2020-06-01 07:14:33,006 botocore.hooks  DEBUG Event before-sign.s3.GetObject: calling handler <bound method S3EndpointSetter.set_endpoint of <botocore.utils.S3EndpointSetter object at 0x7f7d9320bb70>> : [/var/www/html/electonicswebservice/env/lib/python3.6/site-packages/botocore/hooks.py line 210, in _emit ]
2020-06-01 07:14:33,006 botocore.utils  DEBUG Checking for DNS compatible bucket for: https://s3.amazonaws.com/electrotrade/static/admin/css/login.css : [/var/www/html/electonicswebservice/env/lib/python3.6/site-packages/botocore/utils.py line 990, in switch_to_virtual_host_style ]
2020-06-01 07:14:33,006 botocore.utils  DEBUG URI updated to: https://electrotrade.s3.amazonaws.com/static/admin/css/login.css : [/var/www/html/electonicswebservice/env/lib/python3.6/site-packages/botocore/utils.py line 1008, in switch_to_virtual_host_style ]
2020-06-01 07:14:33,006 botocore.auth   DEBUG Calculating signature using hmacv1 auth. : [/var/www/html/electonicswebservice/env/lib/python3.6/site-packages/botocore/auth.py line 732, in add_auth ]
2020-06-01 07:14:33,006 botocore.auth   DEBUG HTTP request method: GET : [/var/www/html/electonicswebservice/env/lib/python3.6/site-packages/botocore/auth.py line 734, in add_auth ]
2020-06-01 07:14:33,007 botocore.auth   DEBUG StringToSign:
GET


1590999273
/electrotrade/static/admin/css/login.css : [/var/www/html/electonicswebservice/env/lib/python3.6/site-packages/botocore/auth.py line 726, in get_signature ]
2020-06-01 07:14:33,007 botocore.hooks  DEBUG Event before-parameter-build.s3.GetObject: calling handler <function sse_md5 at 0x7f7d93567ea0> : [/var/www/html/electonicswebservice/env/lib/python3.6/site-packages/botocore/hooks.py line 210, in _emit ]
2020-06-01 07:14:33,007 botocore.hooks  DEBUG Event before-parameter-build.s3.GetObject: calling handler <function validate_bucket_name at 0x7f7d93567e18> : [/var/www/html/electonicswebservice/env/lib/python3.6/site-packages/botocore/hooks.py line 210, in _emit ]
2020-06-01 07:14:33,007 botocore.hooks  DEBUG Event before-parameter-build.s3.GetObject: calling handler <bound method S3RegionRedirector.redirect_from_cache of <botocore.utils.S3RegionRedirector object at 0x7f7d9320b518>> : [/var/www/html/electonicswebservice/env/lib/python3.6/site-packages/botocore/hooks.py line 210, in _emit ]
2020-06-01 07:14:33,008 botocore.hooks  DEBUG Event before-parameter-build.s3.GetObject: calling handler <bound method S3ArnParamHandler.handle_arn of <botocore.utils.S3ArnParamHandler object at 0x7f7d9320bb00>> : [/var/www/html/electonicswebservice/env/lib/python3.6/site-packages/botocore/hooks.py line 210, in _emit ]
2020-06-01 07:14:33,008 botocore.hooks  DEBUG Event before-parameter-build.s3.GetObject: calling handler <function generate_idempotent_uuid at 0x7f7d93567a60> : [/var/www/html/electonicswebservice/env/lib/python3.6/site-packages/botocore/hooks.py line 210, in _emit ]
2020-06-01 07:14:33,008 botocore.hooks  DEBUG Event choose-signer.s3.GetObject: calling handler <bound method ClientCreator._default_s3_presign_to_sigv2 of <botocore.client.ClientCreator object at 0x7f7d934521d0>> : [/var/www/html/electonicswebservice/env/lib/python3.6/site-packages/botocore/hooks.py line 210, in _emit ]
2020-06-01 07:14:33,008 botocore.hooks  DEBUG Event before-sign.s3.GetObject: calling handler <bound method S3EndpointSetter.set_endpoint of <botocore.utils.S3EndpointSetter object at 0x7f7d9320bb70>> : [/var/www/html/electonicswebservice/env/lib/python3.6/site-packages/botocore/hooks.py line 210, in _emit ]
2020-06-01 07:14:33,008 botocore.utils  DEBUG Checking for DNS compatible bucket for: https://s3.amazonaws.com/electrotrade/static/admin/css/responsive.css : [/var/www/html/electonicswebservice/env/lib/python3.6/site-packages/botocore/utils.py line 990, in switch_to_virtual_host_style ]
2020-06-01 07:14:33,008 botocore.utils  DEBUG URI updated to: https://electrotrade.s3.amazonaws.com/static/admin/css/responsive.css : [/var/www/html/electonicswebservice/env/lib/python3.6/site-packages/botocore/utils.py line 1008, in switch_to_virtual_host_style ]
2020-06-01 07:14:33,008 botocore.auth   DEBUG Calculating signature using hmacv1 auth. : [/var/www/html/electonicswebservice/env/lib/python3.6/site-packages/botocore/auth.py line 732, in add_auth ]
2020-06-01 07:14:33,008 botocore.auth   DEBUG HTTP request method: GET : [/var/www/html/electonicswebservice/env/lib/python3.6/site-packages/botocore/auth.py line 734, in add_auth ]
2020-06-01 07:14:33,008 botocore.auth   DEBUG StringToSign:
GET


1590999273
/electrotrade/static/admin/css/responsive.css : [/var/www/html/electonicswebservice/env/lib/python3.6/site-packages/botocore/auth.py line 726, in get_signature ]
2020-06-01 07:14:37,997 botocore.hooks  DEBUG Event before-parameter-build.s3.GetObject: calling handler <function sse_md5 at 0x7f7d93567ea0> : [/var/www/html/electonicswebservice/env/lib/python3.6/site-packages/botocore/hooks.py line 210, in _emit ]
2020-06-01 07:14:37,997 botocore.hooks  DEBUG Event before-parameter-build.s3.GetObject: calling handler <function validate_bucket_name at 0x7f7d93567e18> : [/var/www/html/electonicswebservice/env/lib/python3.6/site-packages/botocore/hooks.py line 210, in _emit ]
2020-06-01 07:14:37,997 botocore.hooks  DEBUG Event before-parameter-build.s3.GetObject: calling handler <bound method S3RegionRedirector.redirect_from_cache of <botocore.utils.S3RegionRedirector object at 0x7f7d9320b518>> : [/var/www/html/electonicswebservice/env/lib/python3.6/site-packages/botocore/hooks.py line 210, in _emit ]
2020-06-01 07:14:37,997 botocore.hooks  DEBUG Event before-parameter-build.s3.GetObject: calling handler <bound method S3ArnParamHandler.handle_arn of <botocore.utils.S3ArnParamHandler object at 0x7f7d9320bb00>> : [/var/www/html/electonicswebservice/env/lib/python3.6/site-packages/botocore/hooks.py line 210, in _emit ]
2020-06-01 07:14:37,997 botocore.hooks  DEBUG Event before-parameter-build.s3.GetObject: calling handler <function generate_idempotent_uuid at 0x7f7d93567a60> : [/var/www/html/electonicswebservice/env/lib/python3.6/site-packages/botocore/hooks.py line 210, in _emit ]
2020-06-01 07:14:37,998 botocore.hooks  DEBUG Event choose-signer.s3.GetObject: calling handler <bound method ClientCreator._default_s3_presign_to_sigv2 of <botocore.client.ClientCreator object at 0x7f7d934521d0>> : [/var/www/html/electonicswebservice/env/lib/python3.6/site-packages/botocore/hooks.py line 210, in _emit ]
2020-06-01 07:14:37,998 botocore.hooks  DEBUG Event before-sign.s3.GetObject: calling handler <bound method S3EndpointSetter.set_endpoint of <botocore.utils.S3EndpointSetter object at 0x7f7d9320bb70>> : [/var/www/html/electonicswebservice/env/lib/python3.6/site-packages/botocore/hooks.py line 210, in _emit ]
2020-06-01 07:14:37,998 botocore.utils  DEBUG Checking for DNS compatible bucket for: https://s3.amazonaws.com/electrotrade/static/admin/css/base.css : [/var/www/html/electonicswebservice/env/lib/python3.6/site-packages/botocore/utils.py line 990, in switch_to_virtual_host_style ]
2020-06-01 07:14:37,998 botocore.utils  DEBUG URI updated to: https://electrotrade.s3.amazonaws.com/static/admin/css/base.css : [/var/www/html/electonicswebservice/env/lib/python3.6/site-packages/botocore/utils.py line 1008, in switch_to_virtual_host_style ]
2020-06-01 07:14:37,998 botocore.auth   DEBUG Calculating signature using hmacv1 auth. : [/var/www/html/electonicswebservice/env/lib/python3.6/site-packages/botocore/auth.py line 732, in add_auth ]
2020-06-01 07:14:37,998 botocore.auth   DEBUG HTTP request method: GET : [/var/www/html/electonicswebservice/env/lib/python3.6/site-packages/botocore/auth.py line 734, in add_auth ]
2020-06-01 07:14:37,998 botocore.auth   DEBUG StringToSign:
GET


1590999277
/electrotrade/static/admin/css/base.css : [/var/www/html/electonicswebservice/env/lib/python3.6/site-packages/botocore/auth.py line 726, in get_signature ]
2020-06-01 07:14:37,999 botocore.hooks  DEBUG Event before-parameter-build.s3.GetObject: calling handler <function sse_md5 at 0x7f7d93567ea0> : [/var/www/html/electonicswebservice/env/lib/python3.6/site-packages/botocore/hooks.py line 210, in _emit ]
2020-06-01 07:14:37,999 botocore.hooks  DEBUG Event before-parameter-build.s3.GetObject: calling handler <function validate_bucket_name at 0x7f7d93567e18> : [/var/www/html/electonicswebservice/env/lib/python3.6/site-packages/botocore/hooks.py line 210, in _emit ]
2020-06-01 07:14:37,999 botocore.hooks  DEBUG Event before-parameter-build.s3.GetObject: calling handler <bound method S3RegionRedirector.redirect_from_cache of <botocore.utils.S3RegionRedirector object at 0x7f7d9320b518>> : [/var/www/html/electonicswebservice/env/lib/python3.6/site-packages/botocore/hooks.py line 210, in _emit ]
2020-06-01 07:14:37,999 botocore.hooks  DEBUG Event before-parameter-build.s3.GetObject: calling handler <bound method S3ArnParamHandler.handle_arn of <botocore.utils.S3ArnParamHandler object at 0x7f7d9320bb00>> : [/var/www/html/electonicswebservice/env/lib/python3.6/site-packages/botocore/hooks.py line 210, in _emit ]
2020-06-01 07:14:37,999 botocore.hooks  DEBUG Event before-parameter-build.s3.GetObject: calling handler <function generate_idempotent_uuid at 0x7f7d93567a60> : [/var/www/html/electonicswebservice/env/lib/python3.6/site-packages/botocore/hooks.py line 210, in _emit ]
2020-06-01 07:14:37,999 botocore.hooks  DEBUG Event choose-signer.s3.GetObject: calling handler <bound method ClientCreator._default_s3_presign_to_sigv2 of <botocore.client.ClientCreator object at 0x7f7d934521d0>> : [/var/www/html/electonicswebservice/env/lib/python3.6/site-packages/botocore/hooks.py line 210, in _emit ]
2020-06-01 07:14:38,000 botocore.hooks  DEBUG Event before-sign.s3.GetObject: calling handler <bound method S3EndpointSetter.set_endpoint of <botocore.utils.S3EndpointSetter object at 0x7f7d9320bb70>> : [/var/www/html/electonicswebservice/env/lib/python3.6/site-packages/botocore/hooks.py line 210, in _emit ]
2020-06-01 07:14:38,000 botocore.utils  DEBUG Checking for DNS compatible bucket for: https://s3.amazonaws.com/electrotrade/static/admin/css/dashboard.css : [/var/www/html/electonicswebservice/env/lib/python3.6/site-packages/botocore/utils.py line 990, in switch_to_virtual_host_style ]
2020-06-01 07:14:38,000 botocore.utils  DEBUG URI updated to: https://electrotrade.s3.amazonaws.com/static/admin/css/dashboard.css : [/var/www/html/electonicswebservice/env/lib/python3.6/site-packages/botocore/utils.py line 1008, in switch_to_virtual_host_style ]
2020-06-01 07:14:38,000 botocore.auth   DEBUG Calculating signature using hmacv1 auth. : [/var/www/html/electonicswebservice/env/lib/python3.6/site-packages/botocore/auth.py line 732, in add_auth ]
2020-06-01 07:14:38,000 botocore.auth   DEBUG HTTP request method: GET : [/var/www/html/electonicswebservice/env/lib/python3.6/site-packages/botocore/auth.py line 734, in add_auth ]
2020-06-01 07:14:38,000 botocore.auth   DEBUG StringToSign:
GET


1590999278
/electrotrade/static/admin/css/dashboard.css : [/var/www/html/electonicswebservice/env/lib/python3.6/site-packages/botocore/auth.py line 726, in get_signature ]
2020-06-01 07:14:38,001 botocore.hooks  DEBUG Event before-parameter-build.s3.GetObject: calling handler <function sse_md5 at 0x7f7d93567ea0> : [/var/www/html/electonicswebservice/env/lib/python3.6/site-packages/botocore/hooks.py line 210, in _emit ]
2020-06-01 07:14:38,001 botocore.hooks  DEBUG Event before-parameter-build.s3.GetObject: calling handler <function validate_bucket_name at 0x7f7d93567e18> : [/var/www/html/electonicswebservice/env/lib/python3.6/site-packages/botocore/hooks.py line 210, in _emit ]
2020-06-01 07:14:38,001 botocore.hooks  DEBUG Event before-parameter-build.s3.GetObject: calling handler <bound method S3RegionRedirector.redirect_from_cache of <botocore.utils.S3RegionRedirector object at 0x7f7d9320b518>> : [/var/www/html/electonicswebservice/env/lib/python3.6/site-packages/botocore/hooks.py line 210, in _emit ]
2020-06-01 07:14:38,001 botocore.hooks  DEBUG Event before-parameter-build.s3.GetObject: calling handler <bound method S3ArnParamHandler.handle_arn of <botocore.utils.S3ArnParamHandler object at 0x7f7d9320bb00>> : [/var/www/html/electonicswebservice/env/lib/python3.6/site-packages/botocore/hooks.py line 210, in _emit ]
2020-06-01 07:14:38,001 botocore.hooks  DEBUG Event before-parameter-build.s3.GetObject: calling handler <function generate_idempotent_uuid at 0x7f7d93567a60> : [/var/www/html/electonicswebservice/env/lib/python3.6/site-packages/botocore/hooks.py line 210, in _emit ]
2020-06-01 07:14:38,001 botocore.hooks  DEBUG Event choose-signer.s3.GetObject: calling handler <bound method ClientCreator._default_s3_presign_to_sigv2 of <botocore.client.ClientCreator object at 0x7f7d934521d0>> : [/var/www/html/electonicswebservice/env/lib/python3.6/site-packages/botocore/hooks.py line 210, in _emit ]
2020-06-01 07:14:38,001 botocore.hooks  DEBUG Event before-sign.s3.GetObject: calling handler <bound method S3EndpointSetter.set_endpoint of <botocore.utils.S3EndpointSetter object at 0x7f7d9320bb70>> : [/var/www/html/electonicswebservice/env/lib/python3.6/site-packages/botocore/hooks.py line 210, in _emit ]
2020-06-01 07:14:38,002 botocore.utils  DEBUG Checking for DNS compatible bucket for: https://s3.amazonaws.com/electrotrade/static/admin/css/responsive.css : [/var/www/html/electonicswebservice/env/lib/python3.6/site-packages/botocore/utils.py line 990, in switch_to_virtual_host_style ]
2020-06-01 07:14:38,002 botocore.utils  DEBUG URI updated to: https://electrotrade.s3.amazonaws.com/static/admin/css/responsive.css : [/var/www/html/electonicswebservice/env/lib/python3.6/site-packages/botocore/utils.py line 1008, in switch_to_virtual_host_style ]
2020-06-01 07:14:38,002 botocore.auth   DEBUG Calculating signature using hmacv1 auth. : [/var/www/html/electonicswebservice/env/lib/python3.6/site-packages/botocore/auth.py line 732, in add_auth ]
2020-06-01 07:14:38,002 botocore.auth   DEBUG HTTP request method: GET : [/var/www/html/electonicswebservice/env/lib/python3.6/site-packages/botocore/auth.py line 734, in add_auth ]
2020-06-01 07:14:38,002 botocore.auth   DEBUG StringToSign:
GET


1590999278
/electrotrade/static/admin/css/responsive.css : [/var/www/html/electonicswebservice/env/lib/python3.6/site-packages/botocore/auth.py line 726, in get_signature ]
2020-06-01 07:15:05,598 django.security.csrf WARNING Forbidden (CSRF token missing or incorrect.): /login/ : [/var/www/html/electonicswebservice/env/lib/python3.6/site-packages/django/utils/log.py line 228, in log_response ]
2020-06-01 07:15:12,166 botocore.hooks  DEBUG Event before-parameter-build.s3.GetObject: calling handler <function sse_md5 at 0x7f7d93567ea0> : [/var/www/html/electonicswebservice/env/lib/python3.6/site-packages/botocore/hooks.py line 210, in _emit ]
2020-06-01 07:15:12,166 botocore.hooks  DEBUG Event before-parameter-build.s3.GetObject: calling handler <function validate_bucket_name at 0x7f7d93567e18> : [/var/www/html/electonicswebservice/env/lib/python3.6/site-packages/botocore/hooks.py line 210, in _emit ]
2020-06-01 07:15:12,166 botocore.hooks  DEBUG Event before-parameter-build.s3.GetObject: calling handler <bound method S3RegionRedirector.redirect_from_cache of <botocore.utils.S3RegionRedirector object at 0x7f7d9320b518>> : [/var/www/html/electonicswebservice/env/lib/python3.6/site-packages/botocore/hooks.py line 210, in _emit ]
2020-06-01 07:15:12,166 botocore.hooks  DEBUG Event before-parameter-build.s3.GetObject: calling handler <bound method S3ArnParamHandler.handle_arn of <botocore.utils.S3ArnParamHandler object at 0x7f7d9320bb00>> : [/var/www/html/electonicswebservice/env/lib/python3.6/site-packages/botocore/hooks.py line 210, in _emit ]
2020-06-01 07:15:12,166 botocore.hooks  DEBUG Event before-parameter-build.s3.GetObject: calling handler <function generate_idempotent_uuid at 0x7f7d93567a60> : [/var/www/html/electonicswebservice/env/lib/python3.6/site-packages/botocore/hooks.py line 210, in _emit ]
2020-06-01 07:15:12,166 botocore.hooks  DEBUG Event choose-signer.s3.GetObject: calling handler <bound method ClientCreator._default_s3_presign_to_sigv2 of <botocore.client.ClientCreator object at 0x7f7d934521d0>> : [/var/www/html/electonicswebservice/env/lib/python3.6/site-packages/botocore/hooks.py line 210, in _emit ]
2020-06-01 07:15:12,166 botocore.hooks  DEBUG Event before-sign.s3.GetObject: calling handler <bound method S3EndpointSetter.set_endpoint of <botocore.utils.S3EndpointSetter object at 0x7f7d9320bb70>> : [/var/www/html/electonicswebservice/env/lib/python3.6/site-packages/botocore/hooks.py line 210, in _emit ]
2020-06-01 07:15:12,167 botocore.utils  DEBUG Checking for DNS compatible bucket for: https://s3.amazonaws.com/electrotrade/static/admin/css/base.css : [/var/www/html/electonicswebservice/env/lib/python3.6/site-packages/botocore/utils.py line 990, in switch_to_virtual_host_style ]
2020-06-01 07:15:12,167 botocore.utils  DEBUG URI updated to: https://electrotrade.s3.amazonaws.com/static/admin/css/base.css : [/var/www/html/electonicswebservice/env/lib/python3.6/site-packages/botocore/utils.py line 1008, in switch_to_virtual_host_style ]
2020-06-01 07:15:12,167 botocore.auth   DEBUG Calculating signature using hmacv1 auth. : [/var/www/html/electonicswebservice/env/lib/python3.6/site-packages/botocore/auth.py line 732, in add_auth ]
2020-06-01 07:15:12,167 botocore.auth   DEBUG HTTP request method: GET : [/var/www/html/electonicswebservice/env/lib/python3.6/site-packages/botocore/auth.py line 734, in add_auth ]
2020-06-01 07:15:12,167 botocore.auth   DEBUG StringToSign:
GET


1590999312
/electrotrade/static/admin/css/base.css : [/var/www/html/electonicswebservice/env/lib/python3.6/site-packages/botocore/auth.py line 726, in get_signature ]
2020-06-01 07:15:12,168 botocore.hooks  DEBUG Event before-parameter-build.s3.GetObject: calling handler <function sse_md5 at 0x7f7d93567ea0> : [/var/www/html/electonicswebservice/env/lib/python3.6/site-packages/botocore/hooks.py line 210, in _emit ]
2020-06-01 07:15:12,168 botocore.hooks  DEBUG Event before-parameter-build.s3.GetObject: calling handler <function validate_bucket_name at 0x7f7d93567e18> : [/var/www/html/electonicswebservice/env/lib/python3.6/site-packages/botocore/hooks.py line 210, in _emit ]
2020-06-01 07:15:12,168 botocore.hooks  DEBUG Event before-parameter-build.s3.GetObject: calling handler <bound method S3RegionRedirector.redirect_from_cache of <botocore.utils.S3RegionRedirector object at 0x7f7d9320b518>> : [/var/www/html/electonicswebservice/env/lib/python3.6/site-packages/botocore/hooks.py line 210, in _emit ]
2020-06-01 07:15:12,168 botocore.hooks  DEBUG Event before-parameter-build.s3.GetObject: calling handler <bound method S3ArnParamHandler.handle_arn of <botocore.utils.S3ArnParamHandler object at 0x7f7d9320bb00>> : [/var/www/html/electonicswebservice/env/lib/python3.6/site-packages/botocore/hooks.py line 210, in _emit ]
2020-06-01 07:15:12,168 botocore.hooks  DEBUG Event before-parameter-build.s3.GetObject: calling handler <function generate_idempotent_uuid at 0x7f7d93567a60> : [/var/www/html/electonicswebservice/env/lib/python3.6/site-packages/botocore/hooks.py line 210, in _emit ]
2020-06-01 07:15:12,168 botocore.hooks  DEBUG Event choose-signer.s3.GetObject: calling handler <bound method ClientCreator._default_s3_presign_to_sigv2 of <botocore.client.ClientCreator object at 0x7f7d934521d0>> : [/var/www/html/electonicswebservice/env/lib/python3.6/site-packages/botocore/hooks.py line 210, in _emit ]
2020-06-01 07:15:12,168 botocore.hooks  DEBUG Event before-sign.s3.GetObject: calling handler <bound method S3EndpointSetter.set_endpoint of <botocore.utils.S3EndpointSetter object at 0x7f7d9320bb70>> : [/var/www/html/electonicswebservice/env/lib/python3.6/site-packages/botocore/hooks.py line 210, in _emit ]
2020-06-01 07:15:12,168 botocore.utils  DEBUG Checking for DNS compatible bucket for: https://s3.amazonaws.com/electrotrade/static/admin/css/dashboard.css : [/var/www/html/electonicswebservice/env/lib/python3.6/site-packages/botocore/utils.py line 990, in switch_to_virtual_host_style ]
2020-06-01 07:15:12,168 botocore.utils  DEBUG URI updated to: https://electrotrade.s3.amazonaws.com/static/admin/css/dashboard.css : [/var/www/html/electonicswebservice/env/lib/python3.6/site-packages/botocore/utils.py line 1008, in switch_to_virtual_host_style ]
2020-06-01 07:15:12,168 botocore.auth   DEBUG Calculating signature using hmacv1 auth. : [/var/www/html/electonicswebservice/env/lib/python3.6/site-packages/botocore/auth.py line 732, in add_auth ]
2020-06-01 07:15:12,169 botocore.auth   DEBUG HTTP request method: GET : [/var/www/html/electonicswebservice/env/lib/python3.6/site-packages/botocore/auth.py line 734, in add_auth ]
2020-06-01 07:15:12,169 botocore.auth   DEBUG StringToSign:
GET


1590999312
/electrotrade/static/admin/css/dashboard.css : [/var/www/html/electonicswebservice/env/lib/python3.6/site-packages/botocore/auth.py line 726, in get_signature ]
2020-06-01 07:15:12,169 botocore.hooks  DEBUG Event before-parameter-build.s3.GetObject: calling handler <function sse_md5 at 0x7f7d93567ea0> : [/var/www/html/electonicswebservice/env/lib/python3.6/site-packages/botocore/hooks.py line 210, in _emit ]
2020-06-01 07:15:12,169 botocore.hooks  DEBUG Event before-parameter-build.s3.GetObject: calling handler <function validate_bucket_name at 0x7f7d93567e18> : [/var/www/html/electonicswebservice/env/lib/python3.6/site-packages/botocore/hooks.py line 210, in _emit ]
2020-06-01 07:15:12,169 botocore.hooks  DEBUG Event before-parameter-build.s3.GetObject: calling handler <bound method S3RegionRedirector.redirect_from_cache of <botocore.utils.S3RegionRedirector object at 0x7f7d9320b518>> : [/var/www/html/electonicswebservice/env/lib/python3.6/site-packages/botocore/hooks.py line 210, in _emit ]
2020-06-01 07:15:12,169 botocore.hooks  DEBUG Event before-parameter-build.s3.GetObject: calling handler <bound method S3ArnParamHandler.handle_arn of <botocore.utils.S3ArnParamHandler object at 0x7f7d9320bb00>> : [/var/www/html/electonicswebservice/env/lib/python3.6/site-packages/botocore/hooks.py line 210, in _emit ]
2020-06-01 07:15:12,169 botocore.hooks  DEBUG Event before-parameter-build.s3.GetObject: calling handler <function generate_idempotent_uuid at 0x7f7d93567a60> : [/var/www/html/electonicswebservice/env/lib/python3.6/site-packages/botocore/hooks.py line 210, in _emit ]
2020-06-01 07:15:12,170 botocore.hooks  DEBUG Event choose-signer.s3.GetObject: calling handler <bound method ClientCreator._default_s3_presign_to_sigv2 of <botocore.client.ClientCreator object at 0x7f7d934521d0>> : [/var/www/html/electonicswebservice/env/lib/python3.6/site-packages/botocore/hooks.py line 210, in _emit ]
2020-06-01 07:15:12,170 botocore.hooks  DEBUG Event before-sign.s3.GetObject: calling handler <bound method S3EndpointSetter.set_endpoint of <botocore.utils.S3EndpointSetter object at 0x7f7d9320bb70>> : [/var/www/html/electonicswebservice/env/lib/python3.6/site-packages/botocore/hooks.py line 210, in _emit ]
2020-06-01 07:15:12,170 botocore.utils  DEBUG Checking for DNS compatible bucket for: https://s3.amazonaws.com/electrotrade/static/admin/css/responsive.css : [/var/www/html/electonicswebservice/env/lib/python3.6/site-packages/botocore/utils.py line 990, in switch_to_virtual_host_style ]
2020-06-01 07:15:12,170 botocore.utils  DEBUG URI updated to: https://electrotrade.s3.amazonaws.com/static/admin/css/responsive.css : [/var/www/html/electonicswebservice/env/lib/python3.6/site-packages/botocore/utils.py line 1008, in switch_to_virtual_host_style ]
2020-06-01 07:15:12,170 botocore.auth   DEBUG Calculating signature using hmacv1 auth. : [/var/www/html/electonicswebservice/env/lib/python3.6/site-packages/botocore/auth.py line 732, in add_auth ]
2020-06-01 07:15:12,170 botocore.auth   DEBUG HTTP request method: GET : [/var/www/html/electonicswebservice/env/lib/python3.6/site-packages/botocore/auth.py line 734, in add_auth ]
2020-06-01 07:15:12,170 botocore.auth   DEBUG StringToSign:
GET


1590999312
/electrotrade/static/admin/css/responsive.css : [/var/www/html/electonicswebservice/env/lib/python3.6/site-packages/botocore/auth.py line 726, in get_signature ]
